<?xml version="1.0" encoding="UTF-8"?>
<testng-results ignored="0" total="1" passed="1" failed="0" skipped="0">
  <reporter-output>
  </reporter-output>
  <suite started-at="2023-09-22T16:42:57 IST" name="Default suite" finished-at="2023-09-22T16:43:08 IST" duration-ms="10773">
    <groups>
    </groups>
    <test started-at="2023-09-22T16:42:57 IST" name="Default test" finished-at="2023-09-22T16:43:08 IST" duration-ms="10773">
      <class name="testScripts.FourthScenario">
        <test-method is-config="true" signature="bsConfig()[pri:0, instance:testScripts.FourthScenario@1e04fa0a]" started-at="2023-09-22T16:42:54 IST" name="bsConfig" finished-at="2023-09-22T16:42:57 IST" duration-ms="2662" status="PASS">
          <reporter-output>
          </reporter-output>
        </test-method> <!-- bsConfig -->
        <test-method signature="deleteProject()[pri:0, instance:testScripts.FourthScenario@1e04fa0a]" started-at="2023-09-22T16:42:57 IST" name="deleteProject" finished-at="2023-09-22T16:43:08 IST" duration-ms="10690" status="PASS">
          <reporter-output>
          </reporter-output>
        </test-method> <!-- deleteProject -->
        <test-method is-config="true" signature="asConfig()[pri:0, instance:testScripts.FourthScenario@1e04fa0a]" started-at="2023-09-22T16:43:08 IST" name="asConfig" finished-at="2023-09-22T16:43:08 IST" duration-ms="14" status="PASS">
          <reporter-output>
          </reporter-output>
        </test-method> <!-- asConfig -->
      </class> <!-- testScripts.FourthScenario -->
    </test> <!-- Default test -->
  </suite> <!-- Default suite -->
</testng-results>
